<?xml version="1.0" encoding="UTF-8"?>
<testsuite name="agh.ii.prinjava.proj1.impl.MyStackDLLBImplTest" tests="1" skipped="0" failures="0" errors="0" timestamp="2021-10-22T00:49:18" hostname="DESKTOP-PTKET28" time="0.029">
  <properties/>
  <testcase name="pop()" classname="agh.ii.prinjava.proj1.impl.MyStackDLLBImplTest" time="0.029"/>
  <system-out><![CDATA[]]></system-out>
  <system-err><![CDATA[]]></system-err>
</testsuite>
